<?xml version="1.0" encoding="UTF-8"?>
<testsuite xmlns:xsi="http://www.w3.org/2001/XMLSchema-instance" xsi:noNamespaceSchemaLocation="https://maven.apache.org/surefire/maven-surefire-plugin/xsd/surefire-test-report-3.0.xsd" version="3.0" name="service.StockTaxCalculatorServiceIntegrationTest" time="0.006" tests="9" errors="0" skipped="0" failures="0">
  <properties>
[...]
</properties>
  <testcase name="scenario5_ShouldReturnZeroTaxesForEqualCosts" classname="service.StockTaxCalculatorServiceIntegrationTest" time="0.0"/>
  <testcase name="scenario3_ShouldReturnCorrectTaxValues" classname="service.StockTaxCalculatorServiceIntegrationTest" time="0.001"/>
  <testcase name="scenario2_ShouldReturnTaxesForProfitSale" classname="service.StockTaxCalculatorServiceIntegrationTest" time="0.0"/>
  <testcase name="scenario9_ShouldReturnCorrectTaxValuesForHighProfit" classname="service.StockTaxCalculatorServiceIntegrationTest" time="0.0"/>
  <testcase name="scenario7_ShouldHandleLossAndProfitTaxation" classname="service.StockTaxCalculatorServiceIntegrationTest" time="0.001"/>
  <testcase name="scenario1_ShouldReturnZeroTaxes" classname="service.StockTaxCalculatorServiceIntegrationTest" time="0.0"/>
  <testcase name="scenario4_ShouldCalculateTaxesCorrectly" classname="service.StockTaxCalculatorServiceIntegrationTest" time="0.001"/>
  <testcase name="scenario8_ShouldHandleMultipleOperationsWithProfitAndLoss" classname="service.StockTaxCalculatorServiceIntegrationTest" time="0.001"/>
  <testcase name="scenario6_ShouldReturnCorrectTaxValuesForTwoSells" classname="service.StockTaxCalculatorServiceIntegrationTest" time="0.0"/>
</testsuite>